[2025-10-01 09:33:21] Starting process...
[2025-10-01 09:35:04] Starting process...
[2025-10-01 09:35:19] Starting process...
[2025-10-01 09:35:21] Starting process...
[2025-10-01 09:35:23] Starting process...
[2025-10-01 09:35:25] Starting process...
[2025-10-01 09:35:25] Starting process...
[2025-10-01 09:35:25] Starting process...
[2025-10-01 09:35:25] Starting process...
[2025-10-01 09:35:26] Starting process...
[2025-10-01 09:35:26] Starting process...
[2025-10-01 09:36:10] Starting process...
[2025-10-01 09:36:11] Starting process...
[2025-10-01 09:36:11] Starting process...
[2025-10-01 09:36:11] Starting process...
[2025-10-01 09:36:42] Starting process...
[2025-10-01 09:36:46] Pausing process...
[2025-10-01 09:36:48] Starting process...
[2025-10-01 09:36:49] Stopping process...
[2025-10-01 09:38:51] Starting process...
[2025-10-01 09:38:53] Pausing process...
[2025-10-01 09:38:53] Starting process...
[2025-10-01 09:38:54] Stopping process...
[2025-10-01 09:42:07] Connection error: b' TCP : Unreachable peer'
[2025-10-01 09:49:22] Connection error: b' TCP : Unreachable peer'
[2025-10-01 09:49:57] Connection error: b' TCP : Unreachable peer'
[2025-10-01 09:50:12] Connection error: b' TCP : Unreachable peer'
[2025-10-01 09:50:20] Starting process...
[2025-10-01 09:50:23] Pausing process...
[2025-10-01 09:52:09] Connection error: b' TCP : Unreachable peer'
[2025-10-01 09:52:21] Connection error: b' TCP : Unreachable peer'
[2025-10-01 09:52:36] Connection error: b' TCP : Unreachable peer'
[2025-10-01 09:52:43] Connection error: b' TCP : Unreachable peer'
[2025-10-01 09:52:51] Connection error: b' TCP : Unreachable peer'
[2025-10-01 09:54:28] Connection error: b' TCP : Unreachable peer'
[2025-10-01 09:54:40] Connection error: b' TCP : Unreachable peer'
[2025-10-01 09:56:07] Connection error: b' TCP : Unreachable peer'
[2025-10-01 09:57:11] Connection error: b' TCP : Unreachable peer'
[2025-10-01 09:57:16] Starting process...
[2025-10-01 09:57:55] Connection error: b' TCP : Unreachable peer'
[2025-10-01 09:59:07] Connection error: b' TCP : Unreachable peer'
[2025-10-01 09:59:12] Starting process...
[2025-10-01 09:59:12] Pausing process...
[2025-10-01 09:59:13] Stopping process...
[2025-10-01 10:04:02] Connection error: b' TCP : Unreachable peer'
[2025-10-01 10:04:16] Starting process...
[2025-10-01 10:04:17] Pausing process...
[2025-10-01 11:18:54] Starting process...
[2025-10-01 11:20:17] Starting process...
[2025-10-01 11:20:17] Error sending data to PLC: b'CLI : function refused by CPU (Unknown error)'
[2025-10-01 11:20:19] Pausing process...
[2025-10-01 11:20:20] Stopping process...
[2025-10-01 11:28:17] Starting process...
[2025-10-01 11:28:17] Error sending data to PLC: b'CLI : function refused by CPU (Unknown error)'
[2025-10-01 11:29:27] Connected to PLC at 192.168.10.1 (Rack: 0, Slot: 1)
[2025-10-01 11:29:34] Starting process...
[2025-10-01 11:29:34] Error sending data to PLC: b'CLI : function refused by CPU (Unknown error)'
[2025-10-01 11:30:47] Connected to PLC at 192.168.10.1 (Rack: 0, Slot: 1)
[2025-10-01 11:30:48] Starting process...
[2025-10-01 11:30:48] Error sending data to PLC: b'CLI : function refused by CPU (Unknown error)'
[2025-10-01 11:30:50] Pausing process...
[2025-10-01 11:30:50] Stopping process...
[2025-10-01 11:31:36] Connected to PLC at 192.168.10.1 (Rack: 0, Slot: 1)
[2025-10-01 11:31:37] Starting process...
[2025-10-01 11:31:45] Starting process...
[2025-10-01 11:31:46] Starting process...
[2025-10-01 11:31:47] Starting process...
[2025-10-01 11:31:48] Starting process...
[2025-10-01 11:36:46] Connected to PLC at 192.168.10.1 (Rack: 0, Slot: 1)
[2025-10-01 11:36:47] Starting process...
[2025-10-01 11:44:10] Connected to PLC at 192.168.10.1 (Rack: 0, Slot: 1)
[2025-10-01 11:44:11] Starting process...
[2025-10-01 11:50:16] Connected to PLC at 192.168.10.1 (Rack: 0, Slot: 1)
[2025-10-01 11:50:20] Starting process...
[2025-10-01 11:51:45] Connected to PLC at 192.168.10.1 (Rack: 0, Slot: 1)
[2025-10-01 11:51:46] Starting process...
[2025-10-01 11:58:46] Connected to PLC at 192.168.10.1 (Rack: 0, Slot: 1)
[2025-10-01 11:58:47] Starting process...
[2025-10-01 11:58:57] Starting process...
[2025-10-01 11:58:59] Starting process...
